1518511542321	geckodriver	INFO	geckodriver 0.19.1
1518511542331	geckodriver	INFO	Listening on 127.0.0.1:52869
1518511545464	mozrunner::runner	INFO	Running command: "C:\\Program Files\\Mozilla Firefox\\firefox.exe" "-marionette" "-profile" "C:\\Users\\U3GXQV5\\AppData\\Local\\Temp\\rust_mozprofile.hmbDYj8hgCbj"
1518511551344	Marionette	INFO	Listening on port 52877
1518511551512	Marionette	WARN	TLS certificate errors will be ignored for this session
1518511621616	addons.productaddons	WARN	Failed downloading via XHR, status: 0, reason: error
ge: TypeError: NetworkError when attempting to fetch resource.
Full stack: 
*************************
JavaScript error: resource://gre/components/nsUrlClassifierListManager.js, line 287: NS_ERROR_NOT_INITIALIZED: Component returned failure code: 0xc1f30001 (NS_ERROR_NOT_INITIALIZED) [nsIUrlClassifierDBService.getTables]
JavaScript error: resource://gre/components/nsUrlClassifierListManager.js, line 287: NS_ERROR_NOT_INITIALIZED: Component returned failure code: 0xc1f30001 (NS_ERROR_NOT_INITIALIZED) [nsIUrlClassifierDBService.getTables]
1517803474564	Marionette	INFO	Ceased listening
lassifierDBService.getTables]
1516730142625	Marionette	INFO	Ceased listening
aScript error: resource://gre/modules/commonjs/toolkit/loader.js -> resource://devtools/server/actors/inspector.js, line 2955: NS_ERROR_ILLEGAL_VALUE: Component returned failure code: 0x80070057 (NS_ERROR_ILLEGAL_VALUE) [inIDeepTreeWalker.parentNode]
JavaScript error: resource://gre/modules/commonjs/toolkit/loader.js -> resource://devtools/server/actors/inspector.js, line 2955: NS_ERROR_ILLEGAL_VALUE: Component returned failure code: 0x80070057 (NS_ERROR_ILLEGAL_VALUE) [inIDeepTreeWalker.parentNode]
JavaScript error: resource://gre/modules/commonjs/toolkit/loader.js -> resource://devtools/server/actors/inspector.js, line 2955: NS_ERROR_ILLEGAL_VALUE: Component returned failure code: 0x80070057 (NS_ERROR_ILLEGAL_VALUE) [inIDeepTreeWalker.parentNode]
JavaScript error: resource://gre/modules/commonjs/toolkit/loader.js -> resource://devtools/server/actors/inspector.js, line 2955: NS_ERROR_ILLEGAL_VALUE: Component returned failure code: 0x80070057 (NS_ERROR_ILLEGAL_VALUE) [inIDeepTreeWalker.parentNode]
JavaScript error: resource://gre/modules/commonjs/toolkit/loader.js -> resource://devtools/server/actors/inspector.js, line 2955: NS_ERROR_ILLEGAL_VALUE: Component returned failure code: 0x80070057 (NS_ERROR_ILLEGAL_VALUE) [inIDeepTreeWalker.parentNode]
JavaScript error: resource://gre/modules/commonjs/toolkit/loader.js -> resource://devtools/server/actors/inspector.js, line 2955: NS_ERROR_ILLEGAL_VALUE: Component returned failure code: 0x80070057 (NS_ERROR_ILLEGAL_VALUE) [inIDeepTreeWalker.parentNode]
JavaScript error: resource://gre/modules/commonjs/toolkit/loader.js -> resource://devtools/server/actors/inspector.js, line 2955: NS_ERROR_ILLEGAL_VALUE: Component returned failure code: 0x80070057 (NS_ERROR_ILLEGAL_VALUE) [inIDeepTreeWalker.parentNode]
JavaScript error: resource://gre/modules/commonjs/toolkit/loader.js -> resource://devtools/server/actors/inspector.js, line 2955: NS_ERROR_ILLEGAL_VALUE: Component returned failure code: 0x80070057 (NS_ERROR_ILLEGAL_VALUE) [inIDeepTreeWalker.parentNode]
JavaScript error: resource://gre/modules/commonjs/toolkit/loader.js -> resource://devtools/server/actors/inspector.js, line 2955: NS_ERROR_ILLEGAL_VALUE: Component returned failure code: 0x80070057 (NS_ERROR_ILLEGAL_VALUE) [inIDeepTreeWalker.parentNode]
JavaScript error: resource://gre/modules/commonjs/toolkit/loader.js -> resource://devtools/server/actors/inspector.js, line 2955: NS_ERROR_ILLEGAL_VALUE: Component returned failure code: 0x80070057 (NS_ERROR_ILLEGAL_VALUE) [inIDeepTreeWalker.parentNode]
JavaScript error: resource://gre/modules/commonjs/toolkit/loader.js -> resource://devtools/server/actors/inspector.js, line 2955: NS_ERROR_ILLEGAL_VALUE: Component returned failure code: 0x80070057 (NS_ERROR_ILLEGAL_VALUE) [inIDeepTreeWalker.parentNode]
JavaScript error: resource://gre/modules/commonjs/toolkit/loader.js -> resource://devtools/server/actors/inspector.js, line 2955: NS_ERROR_ILLEGAL_VALUE: Component returned failure code: 0x80070057 (NS_ERROR_ILLEGAL_VALUE) [inIDeepTreeWalker.parentNode]
JavaScript error: resource://gre/modules/commonjs/toolkit/loader.js -> resource://devtools/server/actors/inspector.js, line 2955: NS_ERROR_ILLEGAL_VALUE: Component returned failure code: 0x80070057 (NS_ERROR_ILLEGAL_VALUE) [inIDeepTreeWalker.parentNode]
JavaScript error: resource://gre/modules/commonjs/toolkit/loader.js -> resource://devtools/server/actors/inspector.js, line 2955: NS_ERROR_ILLEGAL_VALUE: Component returned failure code: 0x80070057 (NS_ERROR_ILLEGAL_VALUE) [inIDeepTreeWalker.parentNode]
JavaScript error: resource://gre/modules/commonjs/toolkit/loader.js -> resource://devtools/server/actors/inspector.js, line 2955: NS_ERROR_ILLEGAL_VALUE: Component returned failure code: 0x80070057 (NS_ERROR_ILLEGAL_VALUE) [inIDeepTreeWalker.parentNode]
JavaScript error: resource://gre/modules/commonjs/toolkit/loader.js -> resource://devtools/server/actors/inspector.js, line 2955: NS_ERROR_ILLEGAL_VALUE: Component returned failure code: 0x80070057 (NS_ERROR_ILLEGAL_VALUE) [inIDeepTreeWalker.parentNode]
JavaScript error: resource://gre/modules/commonjs/toolkit/loader.js -> resource://devtools/server/actors/inspector.js, line 2955: NS_ERROR_ILLEGAL_VALUE: Component returned failure code: 0x80070057 (NS_ERROR_ILLEGAL_VALUE) [inIDeepTreeWalker.parentNode]
JavaScript error: resource://gre/modules/commonjs/toolkit/loader.js -> resource://devtools/server/actors/inspector.js, line 2955: NS_ERROR_ILLEGAL_VALUE: Component returned failure code: 0x80070057 (NS_ERROR_ILLEGAL_VALUE) [inIDeepTreeWalker.parentNode]
JavaScript error: resource://gre/modules/commonjs/toolkit/loader.js -> resource://devtools/server/actors/inspector.js, line 2955: NS_ERROR_ILLEGAL_VALUE: Component returned failure code: 0x80070057 (NS_ERROR_ILLEGAL_VALUE) [inIDeepTreeWalker.parentNode]
JavaScript error: resource://gre/modules/commonjs/toolkit/loader.js -> resource://devtools/server/actors/inspector.js, line 2955: NS_ERROR_ILLEGAL_VALUE: Component returned failure code: 0x80070057 (NS_ERROR_ILLEGAL_VALUE) [inIDeepTreeWalker.parentNode]
JavaScript error: resource://gre/modules/commonjs/toolkit/loader.js -> resource://devtools/server/actors/inspector.js, line 2955: NS_ERROR_ILLEGAL_VALUE: Component returned failure code: 0x80070057 (NS_ERROR_ILLEGAL_VALUE) [inIDeepTreeWalker.parentNode]
JavaScript error: resource://gre/modules/commonjs/toolkit/loader.js -> resource://devtools/server/actors/inspector.js, line 2955: NS_ERROR_ILLEGAL_VALUE: Component returned failure code: 0x80070057 (NS_ERROR_ILLEGAL_VALUE) [inIDeepTreeWalker.parentNode]
JavaScript error: resource://gre/modules/commonjs/toolkit/loader.js -> resource://devtools/server/actors/inspector.js, line 2955: NS_ERROR_ILLEGAL_VALUE: Component returned failure code: 0x80070057 (NS_ERROR_ILLEGAL_VALUE) [inIDeepTreeWalker.parentNode]
JavaScript error: resource://gre/modules/commonjs/toolkit/loader.js -> resource://devtools/server/actors/inspector.js, line 2955: NS_ERROR_ILLEGAL_VALUE: Component returned failure code: 0x80070057 (NS_ERROR_ILLEGAL_VALUE) [inIDeepTreeWalker.parentNode]
JavaScript error: resource://gre/modules/commonjs/toolkit/loader.js -> resource://devtools/server/actors/inspector.js, line 2955: NS_ERROR_ILLEGAL_VALUE: Component returned failure code: 0x80070057 (NS_ERROR_ILLEGAL_VALUE) [inIDeepTreeWalker.parentNode]
JavaScript error: resource://gre/modules/commonjs/toolkit/loader.js -> resource://devtools/server/actors/inspector.js, line 2955: NS_ERROR_ILLEGAL_VALUE: Component returned failure code: 0x80070057 (NS_ERROR_ILLEGAL_VALUE) [inIDeepTreeWalker.parentNode]
JavaScript error: resource://gre/modules/commonjs/toolkit/loader.js -> resource://devtools/server/actors/inspector.js, line 2955: NS_ERROR_ILLEGAL_VALUE: Component returned failure code: 0x80070057 (NS_ERROR_ILLEGAL_VALUE) [inIDeepTreeWalker.parentNode]
JavaScript error: resource://gre/modules/commonjs/toolkit/loader.js -> resource://devtools/server/actors/inspector.js, line 2955: NS_ERROR_ILLEGAL_VALUE: Component returned failure code: 0x80070057 (NS_ERROR_ILLEGAL_VALUE) [inIDeepTreeWalker.parentNode]
JavaScript error: resource://gre/modules/commonjs/toolkit/loader.js -> resource://devtools/server/actors/inspector.js, line 2955: NS_ERROR_ILLEGAL_VALUE: Component returned failure code: 0x80070057 (NS_ERROR_ILLEGAL_VALUE) [inIDeepTreeWalker.parentNode]
JavaScript error: resource://gre/modules/commonjs/toolkit/loader.js -> resource://devtools/server/actors/inspector.js, line 2955: NS_ERROR_ILLEGAL_VALUE: Component returned failure code: 0x80070057 (NS_ERROR_ILLEGAL_VALUE) [inIDeepTreeWalker.parentNode]
JavaScript error: resource://gre/modules/commonjs/toolkit/loader.js -> resource://devtools/server/actors/inspector.js, line 2955: NS_ERROR_ILLEGAL_VALUE: Component returned failure code: 0x80070057 (NS_ERROR_ILLEGAL_VALUE) [inIDeepTreeWalker.parentNode]
JavaScript error: resource://gre/modules/commonjs/toolkit/loader.js -> resource://devtools/server/actors/inspector.js, line 2955: NS_ERROR_ILLEGAL_VALUE: Component returned failure code: 0x80070057 (NS_ERROR_ILLEGAL_VALUE) [inIDeepTreeWalker.parentNode]
JavaScript error: resource://gre/modules/commonjs/toolkit/loader.js -> resource://devtools/server/actors/inspector.js, line 2955: NS_ERROR_ILLEGAL_VALUE: Component returned failure code: 0x80070057 (NS_ERROR_ILLEGAL_VALUE) [inIDeepTreeWalker.parentNode]
JavaScript error: resource://gre/modules/commonjs/toolkit/loader.js -> resource://devtools/server/actors/inspector.js, line 2955: NS_ERROR_ILLEGAL_VALUE: Component returned failure code: 0x80070057 (NS_ERROR_ILLEGAL_VALUE) [inIDeepTreeWalker.parentNode]
JavaScript error: resource://gre/modules/commonjs/toolkit/loader.js -> resource://devtools/server/actors/inspector.js, line 2955: NS_ERROR_ILLEGAL_VALUE: Component returned failure code: 0x80070057 (NS_ERROR_ILLEGAL_VALUE) [inIDeepTreeWalker.parentNode]
JavaScript error: resource://gre/modules/commonjs/toolkit/loader.js -> resource://devtools/server/actors/inspector.js, line 2955: NS_ERROR_ILLEGAL_VALUE: Component returned failure code: 0x80070057 (NS_ERROR_ILLEGAL_VALUE) [inIDeepTreeWalker.parentNode]
JavaScript error: resource://gre/modules/commonjs/toolkit/loader.js -> resource://devtools/server/actors/inspector.js, line 2955: NS_ERROR_ILLEGAL_VALUE: Component returned failure code: 0x80070057 (NS_ERROR_ILLEGAL_VALUE) [inIDeepTreeWalker.parentNode]
JavaScript error: resource://gre/modules/commonjs/toolkit/loader.js -> resource://devtools/server/actors/inspector.js, line 2955: NS_ERROR_ILLEGAL_VALUE: Component returned failure code: 0x80070057 (NS_ERROR_ILLEGAL_VALUE) [inIDeepTreeWalker.parentNode]
JavaScript error: resource://gre/modules/commonjs/toolkit/loader.js -> resource://devtools/server/actors/inspector.js, line 2955: NS_ERROR_ILLEGAL_VALUE: Component returned failure code: 0x80070057 (NS_ERROR_ILLEGAL_VALUE) [inIDeepTreeWalker.parentNode]
JavaScript error: resource://gre/modules/commonjs/toolkit/loader.js -> resource://devtools/server/actors/inspector.js, line 2955: NS_ERROR_ILLEGAL_VALUE: Component returned failure code: 0x80070057 (NS_ERROR_ILLEGAL_VALUE) [inIDeepTreeWalker.parentNode]
JavaScript error: resource://gre/modules/commonjs/toolkit/loader.js -> resource://devtools/server/actors/inspector.js, line 2955: NS_ERROR_ILLEGAL_VALUE: Component returned failure code: 0x80070057 (NS_ERROR_ILLEGAL_VALUE) [inIDeepTreeWalker.parentNode]
JavaScript error: resource://gre/modules/commonjs/toolkit/loader.js -> resource://devtools/server/actors/inspector.js, line 2955: NS_ERROR_ILLEGAL_VALUE: Component returned failure code: 0x80070057 (NS_ERROR_ILLEGAL_VALUE) [inIDeepTreeWalker.parentNode]
JavaScript error: resource://gre/modules/commonjs/toolkit/loader.js -> resource://devtools/server/actors/inspector.js, line 2955: NS_ERROR_ILLEGAL_VALUE: Component returned failure code: 0x80070057 (NS_ERROR_ILLEGAL_VALUE) [inIDeepTreeWalker.parentNode]
JavaScript error: resource://gre/modules/commonjs/toolkit/loader.js -> resource://devtools/server/actors/inspector.js, line 2955: NS_ERROR_ILLEGAL_VALUE: Component returned failure code: 0x80070057 (NS_ERROR_ILLEGAL_VALUE) [inIDeepTreeWalker.parentNode]
JavaScript error: resource://gre/modules/commonjs/toolkit/loader.js -> resource://devtools/server/actors/inspector.js, line 2955: NS_ERROR_ILLEGAL_VALUE: Component returned failure code: 0x80070057 (NS_ERROR_ILLEGAL_VALUE) [inIDeepTreeWalker.parentNode]
JavaScript error: resource://gre/modules/commonjs/toolkit/loader.js -> resource://devtools/server/actors/inspector.js, line 2955: NS_ERROR_ILLEGAL_VALUE: Component returned failure code: 0x80070057 (NS_ERROR_ILLEGAL_VALUE) [inIDeepTreeWalker.parentNode]
JavaScript error: resource://gre/modules/commonjs/toolkit/loader.js -> resource://devtools/server/actors/inspector.js, line 2955: NS_ERROR_ILLEGAL_VALUE: Component returned failure code: 0x80070057 (NS_ERROR_ILLEGAL_VALUE) [inIDeepTreeWalker.parentNode]
JavaScript error: resource://gre/modules/commonjs/toolkit/loader.js -> resource://devtools/server/actors/inspector.js, line 2955: NS_ERROR_ILLEGAL_VALUE: Component returned failure code: 0x80070057 (NS_ERROR_ILLEGAL_VALUE) [inIDeepTreeWalker.parentNode]
JavaScript error: resource://gre/modules/commonjs/toolkit/loader.js -> resource://devtools/server/actors/inspector.js, line 2955: NS_ERROR_ILLEGAL_VALUE: Component returned failure code: 0x80070057 (NS_ERROR_ILLEGAL_VALUE) [inIDeepTreeWalker.parentNode]
JavaScript error: resource://gre/modules/commonjs/toolkit/loader.js -> resource://devtools/server/actors/inspector.js, line 2955: NS_ERROR_ILLEGAL_VALUE: Component returned failure code: 0x80070057 (NS_ERROR_ILLEGAL_VALUE) [inIDeepTreeWalker.parentNode]
JavaScript error: resource://gre/modules/commonjs/toolkit/loader.js -> resource://devtools/server/actors/inspector.js, line 2955: NS_ERROR_ILLEGAL_VALUE: Component returned failure code: 0x80070057 (NS_ERROR_ILLEGAL_VALUE) [inIDeepTreeWalker.parentNode]
JavaScript error: resource://gre/modules/commonjs/toolkit/loader.js -> resource://devtools/server/actors/inspector.js, line 2955: NS_ERROR_ILLEGAL_VALUE: Component returned failure code: 0x80070057 (NS_ERROR_ILLEGAL_VALUE) [inIDeepTreeWalker.parentNode]
JavaScript error: resource://gre/modules/commonjs/toolkit/loader.js -> resource://devtools/server/actors/inspector.js, line 2955: NS_ERROR_ILLEGAL_VALUE: Component returned failure code: 0x80070057 (NS_ERROR_ILLEGAL_VALUE) [inIDeepTreeWalker.parentNode]
JavaScript error: resource://gre/modules/commonjs/toolkit/loader.js -> resource://devtools/server/actors/inspector.js, line 2955: NS_ERROR_ILLEGAL_VALUE: Component returned failure code: 0x80070057 (NS_ERROR_ILLEGAL_VALUE) [inIDeepTreeWalker.parentNode]
JavaScript error: resource://gre/modules/commonjs/toolkit/loader.js -> resource://devtools/server/actors/inspector.js, line 2955: NS_ERROR_ILLEGAL_VALUE: Component returned failure code: 0x80070057 (NS_ERROR_ILLEGAL_VALUE) [inIDeepTreeWalker.parentNode]
JavaScript error: resource://gre/modules/commonjs/toolkit/loader.js -> resource://devtools/server/actors/inspector.js, line 2955: NS_ERROR_ILLEGAL_VALUE: Component returned failure code: 0x80070057 (NS_ERROR_ILLEGAL_VALUE) [inIDeepTreeWalker.parentNode]
JavaScript error: resource://gre/modules/commonjs/toolkit/loader.js -> resource://devtools/server/actors/inspector.js, line 2955: NS_ERROR_ILLEGAL_VALUE: Component returned failure code: 0x80070057 (NS_ERROR_ILLEGAL_VALUE) [inIDeepTreeWalker.parentNode]
JavaScript error: resource://gre/modules/commonjs/toolkit/loader.js -> resource://devtools/server/actors/inspector.js, line 2955: NS_ERROR_ILLEGAL_VALUE: Component returned failure code: 0x80070057 (NS_ERROR_ILLEGAL_VALUE) [inIDeepTreeWalker.parentNode]
JavaScript error: resource://gre/modules/commonjs/toolkit/loader.js -> resource://devtools/server/actors/inspector.js, line 2955: NS_ERROR_ILLEGAL_VALUE: Component returned failure code: 0x80070057 (NS_ERROR_ILLEGAL_VALUE) [inIDeepTreeWalker.parentNode]
JavaScript error: resource://gre/modules/commonjs/toolkit/loader.js -> resource://devtools/server/actors/inspector.js, line 2955: NS_ERROR_ILLEGAL_VALUE: Component returned failure code: 0x80070057 (NS_ERROR_ILLEGAL_VALUE) [inIDeepTreeWalker.parentNode]
JavaScript error: resource://gre/modules/commonjs/toolkit/loader.js -> resource://devtools/server/actors/inspector.js, line 2955: NS_ERROR_ILLEGAL_VALUE: Component returned failure code: 0x80070057 (NS_ERROR_ILLEGAL_VALUE) [inIDeepTreeWalker.parentNode]
JavaScript error: resource://gre/modules/commonjs/toolkit/loader.js -> resource://devtools/server/actors/inspector.js, line 2955: NS_ERROR_ILLEGAL_VALUE: Component returned failure code: 0x80070057 (NS_ERROR_ILLEGAL_VALUE) [inIDeepTreeWalker.parentNode]
JavaScript error: resource://gre/modules/commonjs/toolkit/loader.js -> resource://devtools/server/actors/inspector.js, line 2955: NS_ERROR_ILLEGAL_VALUE: Component returned failure code: 0x80070057 (NS_ERROR_ILLEGAL_VALUE) [inIDeepTreeWalker.parentNode]
JavaScript error: resource://gre/modules/commonjs/toolkit/loader.js -> resource://devtools/server/actors/inspector.js, line 2955: NS_ERROR_ILLEGAL_VALUE: Component returned failure code: 0x80070057 (NS_ERROR_ILLEGAL_VALUE) [inIDeepTreeWalker.parentNode]
JavaScript error: resource://gre/modules/commonjs/toolkit/loader.js -> resource://devtools/server/actors/inspector.js, line 2955: NS_ERROR_ILLEGAL_VALUE: Component returned failure code: 0x80070057 (NS_ERROR_ILLEGAL_VALUE) [inIDeepTreeWalker.parentNode]
JavaScript error: resource://gre/modules/commonjs/toolkit/loader.js -> resource://devtools/server/actors/inspector.js, line 2955: NS_ERROR_ILLEGAL_VALUE: Component returned failure code: 0x80070057 (NS_ERROR_ILLEGAL_VALUE) [inIDeepTreeWalker.parentNode]
JavaScript error: resource://gre/modules/commonjs/toolkit/loader.js -> resource://devtools/server/actors/inspector.js, line 2955: NS_ERROR_ILLEGAL_VALUE: Component returned failure code: 0x80070057 (NS_ERROR_ILLEGAL_VALUE) [inIDeepTreeWalker.parentNode]
JavaScript error: resource://gre/modules/commonjs/toolkit/loader.js -> resource://devtools/server/actors/inspector.js, line 2955: NS_ERROR_ILLEGAL_VALUE: Component returned failure code: 0x80070057 (NS_ERROR_ILLEGAL_VALUE) [inIDeepTreeWalker.parentNode]
JavaScript error: resource://gre/modules/commonjs/toolkit/loader.js -> resource://devtools/server/actors/inspector.js, line 2955: NS_ERROR_ILLEGAL_VALUE: Component returned failure code: 0x80070057 (NS_ERROR_ILLEGAL_VALUE) [inIDeepTreeWalker.parentNode]
JavaScript error: resource://gre/modules/commonjs/toolkit/loader.js -> resource://devtools/server/actors/inspector.js, line 2955: NS_ERROR_ILLEGAL_VALUE: Component returned failure code: 0x80070057 (NS_ERROR_ILLEGAL_VALUE) [inIDeepTreeWalker.parentNode]
JavaScript error: resource://gre/modules/commonjs/toolkit/loader.js -> resource://devtools/server/actors/inspector.js, line 2955: NS_ERROR_ILLEGAL_VALUE: Component returned failure code: 0x80070057 (NS_ERROR_ILLEGAL_VALUE) [inIDeepTreeWalker.parentNode]
JavaScript error: resource://gre/components/nsUrlClassifierListManager.js, line 287: NS_ERROR_NOT_INITIALIZED: Component returned failure code: 0xc1f30001 (NS_ERROR_NOT_INITIALIZED) [nsIUrlClassifierDBService.getTables]
JavaScript error: resource://gre/components/nsUrlClassifierListManager.js, line 287: NS_ERROR_NOT_INITIALIZED: Component returned failure code: 0xc1f30001 (NS_ERROR_NOT_INITIALIZED) [nsIUrlClassifierDBService.getTables]
1516722000245	Marionette	INFO	Ceased listening
Node]
JavaScript error: resource://gre/modules/commonjs/toolkit/loader.js -> resource://devtools/server/actors/inspector.js, line 2955: NS_ERROR_ILLEGAL_VALUE: Component returned failure code: 0x80070057 (NS_ERROR_ILLEGAL_VALUE) [inIDeepTreeWalker.parentNode]
JavaScript error: resource://gre/modules/commonjs/toolkit/loader.js -> resource://devtools/server/actors/inspector.js, line 2955: NS_ERROR_ILLEGAL_VALUE: Component returned failure code: 0x80070057 (NS_ERROR_ILLEGAL_VALUE) [inIDeepTreeWalker.parentNode]
JavaScript error: resource://gre/modules/commonjs/toolkit/loader.js -> resource://devtools/server/actors/inspector.js, line 2955: NS_ERROR_ILLEGAL_VALUE: Component returned failure code: 0x80070057 (NS_ERROR_ILLEGAL_VALUE) [inIDeepTreeWalker.parentNode]
JavaScript error: resource://gre/modules/commonjs/toolkit/loader.js -> resource://devtools/server/actors/inspector.js, line 2955: NS_ERROR_ILLEGAL_VALUE: Component returned failure code: 0x80070057 (NS_ERROR_ILLEGAL_VALUE) [inIDeepTreeWalker.parentNode]
JavaScript error: resource://gre/modules/commonjs/toolkit/loader.js -> resource://devtools/server/actors/inspector.js, line 2955: NS_ERROR_ILLEGAL_VALUE: Component returned failure code: 0x80070057 (NS_ERROR_ILLEGAL_VALUE) [inIDeepTreeWalker.parentNode]
JavaScript error: resource://gre/modules/commonjs/toolkit/loader.js -> resource://devtools/server/actors/inspector.js, line 2955: NS_ERROR_ILLEGAL_VALUE: Component returned failure code: 0x80070057 (NS_ERROR_ILLEGAL_VALUE) [inIDeepTreeWalker.parentNode]
JavaScript error: resource://gre/modules/commonjs/toolkit/loader.js -> resource://devtools/server/actors/inspector.js, line 2955: NS_ERROR_ILLEGAL_VALUE: Component returned failure code: 0x80070057 (NS_ERROR_ILLEGAL_VALUE) [inIDeepTreeWalker.parentNode]
JavaScript error: resource://gre/modules/commonjs/toolkit/loader.js -> resource://devtools/server/actors/inspector.js, line 2955: NS_ERROR_ILLEGAL_VALUE: Component returned failure code: 0x80070057 (NS_ERROR_ILLEGAL_VALUE) [inIDeepTreeWalker.parentNode]
JavaScript error: resource://gre/modules/commonjs/toolkit/loader.js -> resource://devtools/server/actors/inspector.js, line 2955: NS_ERROR_ILLEGAL_VALUE: Component returned failure code: 0x80070057 (NS_ERROR_ILLEGAL_VALUE) [inIDeepTreeWalker.parentNode]
JavaScript error: resource://gre/modules/commonjs/toolkit/loader.js -> resource://devtools/server/actors/inspector.js, line 2955: NS_ERROR_ILLEGAL_VALUE: Component returned failure code: 0x80070057 (NS_ERROR_ILLEGAL_VALUE) [inIDeepTreeWalker.parentNode]
JavaScript error: resource://gre/modules/commonjs/toolkit/loader.js -> resource://devtools/server/actors/inspector.js, line 2955: NS_ERROR_ILLEGAL_VALUE: Component returned failure code: 0x80070057 (NS_ERROR_ILLEGAL_VALUE) [inIDeepTreeWalker.parentNode]
JavaScript error: resource://gre/modules/commonjs/toolkit/loader.js -> resource://devtools/server/actors/inspector.js, line 2955: NS_ERROR_ILLEGAL_VALUE: Component returned failure code: 0x80070057 (NS_ERROR_ILLEGAL_VALUE) [inIDeepTreeWalker.parentNode]
JavaScript error: resource://gre/modules/commonjs/toolkit/loader.js -> resource://devtools/server/actors/inspector.js, line 2955: NS_ERROR_ILLEGAL_VALUE: Component returned failure code: 0x80070057 (NS_ERROR_ILLEGAL_VALUE) [inIDeepTreeWalker.parentNode]
JavaScript error: resource://gre/modules/commonjs/toolkit/loader.js -> resource://devtools/server/actors/inspector.js, line 2955: NS_ERROR_ILLEGAL_VALUE: Component returned failure code: 0x80070057 (NS_ERROR_ILLEGAL_VALUE) [inIDeepTreeWalker.parentNode]
JavaScript error: resource://gre/modules/commonjs/toolkit/loader.js -> resource://devtools/server/actors/inspector.js, line 2955: NS_ERROR_ILLEGAL_VALUE: Component returned failure code: 0x80070057 (NS_ERROR_ILLEGAL_VALUE) [inIDeepTreeWalker.parentNode]
JavaScript error: resource://gre/modules/commonjs/toolkit/loader.js -> resource://devtools/server/actors/inspector.js, line 2955: NS_ERROR_ILLEGAL_VALUE: Component returned failure code: 0x80070057 (NS_ERROR_ILLEGAL_VALUE) [inIDeepTreeWalker.parentNode]
JavaScript error: resource://gre/modules/commonjs/toolkit/loader.js -> resource://devtools/server/actors/inspector.js, line 2955: NS_ERROR_ILLEGAL_VALUE: Component returned failure code: 0x80070057 (NS_ERROR_ILLEGAL_VALUE) [inIDeepTreeWalker.parentNode]
JavaScript error: resource://gre/modules/commonjs/toolkit/loader.js -> resource://devtools/server/actors/inspector.js, line 2955: NS_ERROR_ILLEGAL_VALUE: Component returned failure code: 0x80070057 (NS_ERROR_ILLEGAL_VALUE) [inIDeepTreeWalker.parentNode]
JavaScript error: resource://gre/modules/commonjs/toolkit/loader.js -> resource://devtools/server/actors/inspector.js, line 2955: NS_ERROR_ILLEGAL_VALUE: Component returned failure code: 0x80070057 (NS_ERROR_ILLEGAL_VALUE) [inIDeepTreeWalker.parentNode]
JavaScript error: resource://gre/modules/commonjs/toolkit/loader.js -> resource://devtools/server/actors/inspector.js, line 2955: NS_ERROR_ILLEGAL_VALUE: Component returned failure code: 0x80070057 (NS_ERROR_ILLEGAL_VALUE) [inIDeepTreeWalker.parentNode]
JavaScript error: resource://gre/modules/commonjs/toolkit/loader.js -> resource://devtools/server/actors/inspector.js, line 2955: NS_ERROR_ILLEGAL_VALUE: Component returned failure code: 0x80070057 (NS_ERROR_ILLEGAL_VALUE) [inIDeepTreeWalker.parentNode]
JavaScript error: resource://gre/modules/commonjs/toolkit/loader.js -> resource://devtools/server/actors/inspector.js, line 2955: NS_ERROR_ILLEGAL_VALUE: Component returned failure code: 0x80070057 (NS_ERROR_ILLEGAL_VALUE) [inIDeepTreeWalker.parentNode]
JavaScript error: resource://gre/modules/commonjs/toolkit/loader.js -> resource://devtools/server/actors/inspector.js, line 2955: NS_ERROR_ILLEGAL_VALUE: Component returned failure code: 0x80070057 (NS_ERROR_ILLEGAL_VALUE) [inIDeepTreeWalker.parentNode]
JavaScript error: resource://gre/modules/commonjs/toolkit/loader.js -> resource://devtools/server/actors/inspector.js, line 2955: NS_ERROR_ILLEGAL_VALUE: Component returned failure code: 0x80070057 (NS_ERROR_ILLEGAL_VALUE) [inIDeepTreeWalker.parentNode]
JavaScript error: resource://gre/modules/commonjs/toolkit/loader.js -> resource://devtools/server/actors/inspector.js, line 2955: NS_ERROR_ILLEGAL_VALUE: Component returned failure code: 0x80070057 (NS_ERROR_ILLEGAL_VALUE) [inIDeepTreeWalker.parentNode]
JavaScript error: resource://gre/modules/commonjs/toolkit/loader.js -> resource://devtools/server/actors/inspector.js, line 2955: NS_ERROR_ILLEGAL_VALUE: Component returned failure code: 0x80070057 (NS_ERROR_ILLEGAL_VALUE) [inIDeepTreeWalker.parentNode]
JavaScript error: resource://gre/modules/commonjs/toolkit/loader.js -> resource://devtools/server/actors/inspector.js, line 2955: NS_ERROR_ILLEGAL_VALUE: Component returned failure code: 0x80070057 (NS_ERROR_ILLEGAL_VALUE) [inIDeepTreeWalker.parentNode]
JavaScript error: resource://gre/modules/commonjs/toolkit/loader.js -> resource://devtools/server/actors/inspector.js, line 2955: NS_ERROR_ILLEGAL_VALUE: Component returned failure code: 0x80070057 (NS_ERROR_ILLEGAL_VALUE) [inIDeepTreeWalker.parentNode]
JavaScript error: resource://gre/modules/commonjs/toolkit/loader.js -> resource://devtools/server/actors/inspector.js, line 2955: NS_ERROR_ILLEGAL_VALUE: Component returned failure code: 0x80070057 (NS_ERROR_ILLEGAL_VALUE) [inIDeepTreeWalker.parentNode]
JavaScript error: resource://gre/modules/commonjs/toolkit/loader.js -> resource://devtools/server/actors/inspector.js, line 2955: NS_ERROR_ILLEGAL_VALUE: Component returned failure code: 0x80070057 (NS_ERROR_ILLEGAL_VALUE) [inIDeepTreeWalker.parentNode]
JavaScript error: resource://gre/modules/commonjs/toolkit/loader.js -> resource://devtools/server/actors/inspector.js, line 2955: NS_ERROR_ILLEGAL_VALUE: Component returned failure code: 0x80070057 (NS_ERROR_ILLEGAL_VALUE) [inIDeepTreeWalker.parentNode]
JavaScript error: resource://gre/modules/commonjs/toolkit/loader.js -> resource://devtools/server/actors/inspector.js, line 2955: NS_ERROR_ILLEGAL_VALUE: Component returned failure code: 0x80070057 (NS_ERROR_ILLEGAL_VALUE) [inIDeepTreeWalker.parentNode]
JavaScript error: resource://gre/modules/commonjs/toolkit/loader.js -> resource://devtools/server/actors/inspector.js, line 2955: NS_ERROR_ILLEGAL_VALUE: Component returned failure code: 0x80070057 (NS_ERROR_ILLEGAL_VALUE) [inIDeepTreeWalker.parentNode]
JavaScript error: resource://gre/modules/commonjs/toolkit/loader.js -> resource://devtools/server/actors/inspector.js, line 2955: NS_ERROR_ILLEGAL_VALUE: Component returned failure code: 0x80070057 (NS_ERROR_ILLEGAL_VALUE) [inIDeepTreeWalker.parentNode]
JavaScript error: resource://gre/modules/commonjs/toolkit/loader.js -> resource://devtools/server/actors/inspector.js, line 2955: NS_ERROR_ILLEGAL_VALUE: Component returned failure code: 0x80070057 (NS_ERROR_ILLEGAL_VALUE) [inIDeepTreeWalker.parentNode]
JavaScript error: resource://gre/modules/commonjs/toolkit/loader.js -> resource://devtools/server/actors/inspector.js, line 2955: NS_ERROR_ILLEGAL_VALUE: Component returned failure code: 0x80070057 (NS_ERROR_ILLEGAL_VALUE) [inIDeepTreeWalker.parentNode]
JavaScript error: resource://gre/modules/commonjs/toolkit/loader.js -> resource://devtools/server/actors/inspector.js, line 2955: NS_ERROR_ILLEGAL_VALUE: Component returned failure code: 0x80070057 (NS_ERROR_ILLEGAL_VALUE) [inIDeepTreeWalker.parentNode]
JavaScript error: resource://gre/modules/commonjs/toolkit/loader.js -> resource://devtools/server/actors/inspector.js, line 2955: NS_ERROR_ILLEGAL_VALUE: Component returned failure code: 0x80070057 (NS_ERROR_ILLEGAL_VALUE) [inIDeepTreeWalker.parentNode]
JavaScript error: resource://gre/modules/commonjs/toolkit/loader.js -> resource://devtools/server/actors/inspector.js, line 2955: NS_ERROR_ILLEGAL_VALUE: Component returned failure code: 0x80070057 (NS_ERROR_ILLEGAL_VALUE) [inIDeepTreeWalker.parentNode]
JavaScript error: resource://gre/modules/commonjs/toolkit/loader.js -> resource://devtools/server/actors/inspector.js, line 2955: NS_ERROR_ILLEGAL_VALUE: Component returned failure code: 0x80070057 (NS_ERROR_ILLEGAL_VALUE) [inIDeepTreeWalker.parentNode]
JavaScript error: resource://gre/modules/commonjs/toolkit/loader.js -> resource://devtools/server/actors/inspector.js, line 2955: NS_ERROR_ILLEGAL_VALUE: Component returned failure code: 0x80070057 (NS_ERROR_ILLEGAL_VALUE) [inIDeepTreeWalker.parentNode]
JavaScript error: resource://gre/modules/commonjs/toolkit/loader.js -> resource://devtools/server/actors/inspector.js, line 2955: NS_ERROR_ILLEGAL_VALUE: Component returned failure code: 0x80070057 (NS_ERROR_ILLEGAL_VALUE) [inIDeepTreeWalker.parentNode]
JavaScript error: resource://gre/modules/commonjs/toolkit/loader.js -> resource://devtools/server/actors/inspector.js, line 2955: NS_ERROR_ILLEGAL_VALUE: Component returned failure code: 0x80070057 (NS_ERROR_ILLEGAL_VALUE) [inIDeepTreeWalker.parentNode]
JavaScript error: resource://gre/modules/commonjs/toolkit/loader.js -> resource://devtools/server/actors/inspector.js, line 2955: NS_ERROR_ILLEGAL_VALUE: Component returned failure code: 0x80070057 (NS_ERROR_ILLEGAL_VALUE) [inIDeepTreeWalker.parentNode]
JavaScript error: resource://gre/modules/commonjs/toolkit/loader.js -> resource://devtools/server/actors/inspector.js, line 2955: NS_ERROR_ILLEGAL_VALUE: Component returned failure code: 0x80070057 (NS_ERROR_ILLEGAL_VALUE) [inIDeepTreeWalker.parentNode]
JavaScript error: resource://gre/modules/commonjs/toolkit/loader.js -> resource://devtools/server/actors/inspector.js, line 2955: NS_ERROR_ILLEGAL_VALUE: Component returned failure code: 0x80070057 (NS_ERROR_ILLEGAL_VALUE) [inIDeepTreeWalker.parentNode]
JavaScript error: resource://gre/modules/commonjs/toolkit/loader.js -> resource://devtools/server/actors/inspector.js, line 2955: NS_ERROR_ILLEGAL_VALUE: Component returned failure code: 0x80070057 (NS_ERROR_ILLEGAL_VALUE) [inIDeepTreeWalker.parentNode]
JavaScript error: resource://gre/modules/commonjs/toolkit/loader.js -> resource://devtools/server/actors/inspector.js, line 2955: NS_ERROR_ILLEGAL_VALUE: Component returned failure code: 0x80070057 (NS_ERROR_ILLEGAL_VALUE) [inIDeepTreeWalker.parentNode]
JavaScript error: resource://gre/modules/commonjs/toolkit/loader.js -> resource://devtools/server/actors/inspector.js, line 2955: NS_ERROR_ILLEGAL_VALUE: Component returned failure code: 0x80070057 (NS_ERROR_ILLEGAL_VALUE) [inIDeepTreeWalker.parentNode]
JavaScript error: resource://gre/modules/commonjs/toolkit/loader.js -> resource://devtools/server/actors/inspector.js, line 2955: NS_ERROR_ILLEGAL_VALUE: Component returned failure code: 0x80070057 (NS_ERROR_ILLEGAL_VALUE) [inIDeepTreeWalker.parentNode]
JavaScript error: resource://gre/modules/commonjs/toolkit/loader.js -> resource://devtools/server/actors/inspector.js, line 2955: NS_ERROR_ILLEGAL_VALUE: Component returned failure code: 0x80070057 (NS_ERROR_ILLEGAL_VALUE) [inIDeepTreeWalker.parentNode]
JavaScript error: resource://gre/modules/commonjs/toolkit/loader.js -> resource://devtools/server/actors/inspector.js, line 2955: NS_ERROR_ILLEGAL_VALUE: Component returned failure code: 0x80070057 (NS_ERROR_ILLEGAL_VALUE) [inIDeepTreeWalker.parentNode]
JavaScript error: resource://gre/modules/commonjs/toolkit/loader.js -> resource://devtools/server/actors/inspector.js, line 2955: NS_ERROR_ILLEGAL_VALUE: Component returned failure code: 0x80070057 (NS_ERROR_ILLEGAL_VALUE) [inIDeepTreeWalker.parentNode]
JavaScript error: resource://gre/modules/commonjs/toolkit/loader.js -> resource://devtools/server/actors/inspector.js, line 2955: NS_ERROR_ILLEGAL_VALUE: Component returned failure code: 0x80070057 (NS_ERROR_ILLEGAL_VALUE) [inIDeepTreeWalker.parentNode]
JavaScript error: resource://gre/modules/commonjs/toolkit/loader.js -> resource://devtools/server/actors/inspector.js, line 2955: NS_ERROR_ILLEGAL_VALUE: Component returned failure code: 0x80070057 (NS_ERROR_ILLEGAL_VALUE) [inIDeepTreeWalker.parentNode]
JavaScript error: resource://gre/modules/commonjs/toolkit/loader.js -> resource://devtools/server/actors/inspector.js, line 2955: NS_ERROR_ILLEGAL_VALUE: Component returned failure code: 0x80070057 (NS_ERROR_ILLEGAL_VALUE) [inIDeepTreeWalker.parentNode]
JavaScript error: resource://gre/modules/commonjs/toolkit/loader.js -> resource://devtools/server/actors/inspector.js, line 2955: NS_ERROR_ILLEGAL_VALUE: Component returned failure code: 0x80070057 (NS_ERROR_ILLEGAL_VALUE) [inIDeepTreeWalker.parentNode]
JavaScript error: resource://gre/modules/commonjs/toolkit/loader.js -> resource://devtools/server/actors/inspector.js, line 2955: NS_ERROR_ILLEGAL_VALUE: Component returned failure code: 0x80070057 (NS_ERROR_ILLEGAL_VALUE) [inIDeepTreeWalker.parentNode]
JavaScript error: resource://gre/modules/commonjs/toolkit/loader.js -> resource://devtools/server/actors/inspector.js, line 2955: NS_ERROR_ILLEGAL_VALUE: Component returned failure code: 0x80070057 (NS_ERROR_ILLEGAL_VALUE) [inIDeepTreeWalker.parentNode]
JavaScript error: resource://gre/modules/commonjs/toolkit/loader.js -> resource://devtools/server/actors/inspector.js, line 2955: NS_ERROR_ILLEGAL_VALUE: Component returned failure code: 0x80070057 (NS_ERROR_ILLEGAL_VALUE) [inIDeepTreeWalker.parentNode]
JavaScript error: resource://gre/modules/commonjs/toolkit/loader.js -> resource://devtools/server/actors/inspector.js, line 2955: NS_ERROR_ILLEGAL_VALUE: Component returned failure code: 0x80070057 (NS_ERROR_ILLEGAL_VALUE) [inIDeepTreeWalker.parentNode]
JavaScript error: resource://gre/modules/commonjs/toolkit/loader.js -> resource://devtools/server/actors/inspector.js, line 2955: NS_ERROR_ILLEGAL_VALUE: Component returned failure code: 0x80070057 (NS_ERROR_ILLEGAL_VALUE) [inIDeepTreeWalker.parentNode]
JavaScript error: resource://gre/modules/commonjs/toolkit/loader.js -> resource://devtools/server/actors/inspector.js, line 2955: NS_ERROR_ILLEGAL_VALUE: Component returned failure code: 0x80070057 (NS_ERROR_ILLEGAL_VALUE) [inIDeepTreeWalker.parentNode]
JavaScript error: resource://gre/modules/commonjs/toolkit/loader.js -> resource://devtools/server/actors/inspector.js, line 2955: NS_ERROR_ILLEGAL_VALUE: Component returned failure code: 0x80070057 (NS_ERROR_ILLEGAL_VALUE) [inIDeepTreeWalker.parentNode]
JavaScript error: resource://gre/modules/commonjs/toolkit/loader.js -> resource://devtools/server/actors/inspector.js, line 2955: NS_ERROR_ILLEGAL_VALUE: Component returned failure code: 0x80070057 (NS_ERROR_ILLEGAL_VALUE) [inIDeepTreeWalker.parentNode]
JavaScript error: resource://gre/modules/commonjs/toolkit/loader.js -> resource://devtools/server/actors/inspector.js, line 2955: NS_ERROR_ILLEGAL_VALUE: Component returned failure code: 0x80070057 (NS_ERROR_ILLEGAL_VALUE) [inIDeepTreeWalker.parentNode]
JavaScript error: resource://gre/modules/commonjs/toolkit/loader.js -> resource://devtools/server/actors/inspector.js, line 2955: NS_ERROR_ILLEGAL_VALUE: Component returned failure code: 0x80070057 (NS_ERROR_ILLEGAL_VALUE) [inIDeepTreeWalker.parentNode]
JavaScript error: resource://gre/modules/commonjs/toolkit/loader.js -> resource://devtools/server/actors/inspector.js, line 2955: NS_ERROR_ILLEGAL_VALUE: Component returned failure code: 0x80070057 (NS_ERROR_ILLEGAL_VALUE) [inIDeepTreeWalker.parentNode]
JavaScript error: resource://gre/modules/commonjs/toolkit/loader.js -> resource://devtools/server/actors/inspector.js, line 2955: NS_ERROR_ILLEGAL_VALUE: Component returned failure code: 0x80070057 (NS_ERROR_ILLEGAL_VALUE) [inIDeepTreeWalker.parentNode]
JavaScript error: resource://gre/modules/commonjs/toolkit/loader.js -> resource://devtools/server/actors/inspector.js, line 2955: NS_ERROR_ILLEGAL_VALUE: Component returned failure code: 0x80070057 (NS_ERROR_ILLEGAL_VALUE) [inIDeepTreeWalker.parentNode]
JavaScript error: resource://gre/modules/commonjs/toolkit/loader.js -> resource://devtools/server/actors/inspector.js, line 2955: NS_ERROR_ILLEGAL_VALUE: Component returned failure code: 0x80070057 (NS_ERROR_ILLEGAL_VALUE) [inIDeepTreeWalker.parentNode]
JavaScript error: resource://gre/modules/commonjs/toolkit/loader.js -> resource://devtools/server/actors/inspector.js, line 2955: NS_ERROR_ILLEGAL_VALUE: Component returned failure code: 0x80070057 (NS_ERROR_ILLEGAL_VALUE) [inIDeepTreeWalker.parentNode]
JavaScript error: resource://gre/modules/commonjs/toolkit/loader.js -> resource://devtools/server/actors/inspector.js, line 2955: NS_ERROR_ILLEGAL_VALUE: Component returned failure code: 0x80070057 (NS_ERROR_ILLEGAL_VALUE) [inIDeepTreeWalker.parentNode]
JavaScript error: resource://gre/modules/commonjs/toolkit/loader.js -> resource://devtools/server/actors/inspector.js, line 2955: NS_ERROR_ILLEGAL_VALUE: Component returned failure code: 0x80070057 (NS_ERROR_ILLEGAL_VALUE) [inIDeepTreeWalker.parentNode]
JavaScript error: resource://gre/modules/commonjs/toolkit/loader.js -> resource://devtools/server/actors/inspector.js, line 2955: NS_ERROR_ILLEGAL_VALUE: Component returned failure code: 0x80070057 (NS_ERROR_ILLEGAL_VALUE) [inIDeepTreeWalker.parentNode]
JavaScript error: resource://gre/modules/commonjs/toolkit/loader.js -> resource://devtools/server/actors/inspector.js, line 2955: NS_ERROR_ILLEGAL_VALUE: Component returned failure code: 0x80070057 (NS_ERROR_ILLEGAL_VALUE) [inIDeepTreeWalker.parentNode]
JavaScript error: resource://gre/modules/commonjs/toolkit/loader.js -> resource://devtools/server/actors/inspector.js, line 2955: NS_ERROR_ILLEGAL_VALUE: Component returned failure code: 0x80070057 (NS_ERROR_ILLEGAL_VALUE) [inIDeepTreeWalker.parentNode]
JavaScript error: resource://gre/modules/commonjs/toolkit/loader.js -> resource://devtools/server/actors/inspector.js, line 2955: NS_ERROR_ILLEGAL_VALUE: Component returned failure code: 0x80070057 (NS_ERROR_ILLEGAL_VALUE) [inIDeepTreeWalker.parentNode]
JavaScript error: resource://gre/modules/commonjs/toolkit/loader.js -> resource://devtools/server/actors/inspector.js, line 2955: NS_ERROR_ILLEGAL_VALUE: Component returned failure code: 0x80070057 (NS_ERROR_ILLEGAL_VALUE) [inIDeepTreeWalker.parentNode]
JavaScript error: resource://gre/modules/commonjs/toolkit/loader.js -> resource://devtools/server/actors/inspector.js, line 2955: NS_ERROR_ILLEGAL_VALUE: Component returned failure code: 0x80070057 (NS_ERROR_ILLEGAL_VALUE) [inIDeepTreeWalker.parentNode]
JavaScript error: resource://gre/modules/commonjs/toolkit/loader.js -> resource://devtools/server/actors/inspector.js, line 2955: NS_ERROR_ILLEGAL_VALUE: Component returned failure code: 0x80070057 (NS_ERROR_ILLEGAL_VALUE) [inIDeepTreeWalker.parentNode]
JavaScript error: resource://gre/modules/commonjs/toolkit/loader.js -> resource://devtools/server/actors/inspector.js, line 2955: NS_ERROR_ILLEGAL_VALUE: Component returned failure code: 0x80070057 (NS_ERROR_ILLEGAL_VALUE) [inIDeepTreeWalker.parentNode]
JavaScript error: resource://gre/modules/commonjs/toolkit/loader.js -> resource://devtools/server/actors/inspector.js, line 2955: NS_ERROR_ILLEGAL_VALUE: Component returned failure code: 0x80070057 (NS_ERROR_ILLEGAL_VALUE) [inIDeepTreeWalker.parentNode]
JavaScript error: resource://gre/modules/commonjs/toolkit/loader.js -> resource://devtools/server/actors/inspector.js, line 2955: NS_ERROR_ILLEGAL_VALUE: Component returned failure code: 0x80070057 (NS_ERROR_ILLEGAL_VALUE) [inIDeepTreeWalker.parentNode]
JavaScript error: resource://gre/modules/commonjs/toolkit/loader.js -> resource://devtools/server/actors/inspector.js, line 2955: NS_ERROR_ILLEGAL_VALUE: Component returned failure code: 0x80070057 (NS_ERROR_ILLEGAL_VALUE) [inIDeepTreeWalker.parentNode]
JavaScript error: resource://gre/modules/commonjs/toolkit/loader.js -> resource://devtools/server/actors/inspector.js, line 2955: NS_ERROR_ILLEGAL_VALUE: Component returned failure code: 0x80070057 (NS_ERROR_ILLEGAL_VALUE) [inIDeepTreeWalker.parentNode]
JavaScript error: resource://gre/modules/commonjs/toolkit/loader.js -> resource://devtools/server/actors/inspector.js, line 2955: NS_ERROR_ILLEGAL_VALUE: Component returned failure code: 0x80070057 (NS_ERROR_ILLEGAL_VALUE) [inIDeepTreeWalker.parentNode]
JavaScript error: resource://gre/modules/commonjs/toolkit/loader.js -> resource://devtools/server/actors/inspector.js, line 2955: NS_ERROR_ILLEGAL_VALUE: Component returned failure code: 0x80070057 (NS_ERROR_ILLEGAL_VALUE) [inIDeepTreeWalker.parentNode]
JavaScript error: resource://gre/modules/commonjs/toolkit/loader.js -> resource://devtools/server/actors/inspector.js, line 2955: NS_ERROR_ILLEGAL_VALUE: Component returned failure code: 0x80070057 (NS_ERROR_ILLEGAL_VALUE) [inIDeepTreeWalker.parentNode]
JavaScript error: resource://gre/modules/commonjs/toolkit/loader.js -> resource://devtools/server/actors/inspector.js, line 2955: NS_ERROR_ILLEGAL_VALUE: Component returned failure code: 0x80070057 (NS_ERROR_ILLEGAL_VALUE) [inIDeepTreeWalker.parentNode]
JavaScript error: resource://gre/modules/commonjs/toolkit/loader.js -> resource://devtools/server/actors/inspector.js, line 2955: NS_ERROR_ILLEGAL_VALUE: Component returned failure code: 0x80070057 (NS_ERROR_ILLEGAL_VALUE) [inIDeepTreeWalker.parentNode]
JavaScript error: resource://gre/modules/commonjs/toolkit/loader.js -> resource://devtools/server/actors/inspector.js, line 2955: NS_ERROR_ILLEGAL_VALUE: Component returned failure code: 0x80070057 (NS_ERROR_ILLEGAL_VALUE) [inIDeepTreeWalker.parentNode]
JavaScript error: resource://gre/modules/commonjs/toolkit/loader.js -> resource://devtools/server/actors/inspector.js, line 2955: NS_ERROR_ILLEGAL_VALUE: Component returned failure code: 0x80070057 (NS_ERROR_ILLEGAL_VALUE) [inIDeepTreeWalker.parentNode]
JavaScript error: resource://gre/modules/commonjs/toolkit/loader.js -> resource://devtools/server/actors/inspector.js, line 2955: NS_ERROR_ILLEGAL_VALUE: Component returned failure code: 0x80070057 (NS_ERROR_ILLEGAL_VALUE) [inIDeepTreeWalker.parentNode]
JavaScript error: resource://gre/modules/commonjs/toolkit/loader.js -> resource://devtools/server/actors/inspector.js, line 2955: NS_ERROR_ILLEGAL_VALUE: Component returned failure code: 0x80070057 (NS_ERROR_ILLEGAL_VALUE) [inIDeepTreeWalker.parentNode]
JavaScript error: resource://gre/modules/commonjs/toolkit/loader.js -> resource://devtools/server/actors/inspector.js, line 2955: NS_ERROR_ILLEGAL_VALUE: Component returned failure code: 0x80070057 (NS_ERROR_ILLEGAL_VALUE) [inIDeepTreeWalker.parentNode]
JavaScript error: resource://gre/modules/commonjs/toolkit/loader.js -> resource://devtools/server/actors/inspector.js, line 2955: NS_ERROR_ILLEGAL_VALUE: Component returned failure code: 0x80070057 (NS_ERROR_ILLEGAL_VALUE) [inIDeepTreeWalker.parentNode]
JavaScript error: resource://gre/modules/commonjs/toolkit/loader.js -> resource://devtools/server/actors/inspector.js, line 2955: NS_ERROR_ILLEGAL_VALUE: Component returned failure code: 0x80070057 (NS_ERROR_ILLEGAL_VALUE) [inIDeepTreeWalker.parentNode]
JavaScript error: resource://gre/modules/commonjs/toolkit/loader.js -> resource://devtools/server/actors/inspector.js, line 2955: NS_ERROR_ILLEGAL_VALUE: Component returned failure code: 0x80070057 (NS_ERROR_ILLEGAL_VALUE) [inIDeepTreeWalker.parentNode]
JavaScript error: resource://gre/modules/commonjs/toolkit/loader.js -> resource://devtools/server/actors/inspector.js, line 2955: NS_ERROR_ILLEGAL_VALUE: Component returned failure code: 0x80070057 (NS_ERROR_ILLEGAL_VALUE) [inIDeepTreeWalker.parentNode]
JavaScript error: resource://gre/modules/commonjs/toolkit/loader.js -> resource://devtools/server/actors/inspector.js, line 2955: NS_ERROR_ILLEGAL_VALUE: Component returned failure code: 0x80070057 (NS_ERROR_ILLEGAL_VALUE) [inIDeepTreeWalker.parentNode]
JavaScript error: resource://gre/modules/commonjs/toolkit/loader.js -> resource://devtools/server/actors/inspector.js, line 2955: NS_ERROR_ILLEGAL_VALUE: Component returned failure code: 0x80070057 (NS_ERROR_ILLEGAL_VALUE) [inIDeepTreeWalker.parentNode]
JavaScript error: resource://gre/modules/commonjs/toolkit/loader.js -> resource://devtools/server/actors/inspector.js, line 2955: NS_ERROR_ILLEGAL_VALUE: Component returned failure code: 0x80070057 (NS_ERROR_ILLEGAL_VALUE) [inIDeepTreeWalker.parentNode]
JavaScript error: resource://gre/modules/commonjs/toolkit/loader.js -> resource://devtools/server/actors/inspector.js, line 2955: NS_ERROR_ILLEGAL_VALUE: Component returned failure code: 0x80070057 (NS_ERROR_ILLEGAL_VALUE) [inIDeepTreeWalker.parentNode]
JavaScript error: resource://gre/modules/commonjs/toolkit/loader.js -> resource://devtools/server/actors/inspector.js, line 2955: NS_ERROR_ILLEGAL_VALUE: Component returned failure code: 0x80070057 (NS_ERROR_ILLEGAL_VALUE) [inIDeepTreeWalker.parentNode]
JavaScript error: resource://gre/modules/commonjs/toolkit/loader.js -> resource://devtools/server/actors/inspector.js, line 2955: NS_ERROR_ILLEGAL_VALUE: Component returned failure code: 0x80070057 (NS_ERROR_ILLEGAL_VALUE) [inIDeepTreeWalker.parentNode]
JavaScript error: resource://gre/modules/commonjs/toolkit/loader.js -> resource://devtools/server/actors/inspector.js, line 2955: NS_ERROR_ILLEGAL_VALUE: Component returned failure code: 0x80070057 (NS_ERROR_ILLEGAL_VALUE) [inIDeepTreeWalker.parentNode]
JavaScript error: resource://gre/modules/commonjs/toolkit/loader.js -> resource://devtools/server/actors/inspector.js, line 2955: NS_ERROR_ILLEGAL_VALUE: Component returned failure code: 0x80070057 (NS_ERROR_ILLEGAL_VALUE) [inIDeepTreeWalker.parentNode]
JavaScript error: resource://gre/modules/commonjs/toolkit/loader.js -> resource://devtools/server/actors/inspector.js, line 2955: NS_ERROR_ILLEGAL_VALUE: Component returned failure code: 0x80070057 (NS_ERROR_ILLEGAL_VALUE) [inIDeepTreeWalker.parentNode]
JavaScript error: resource://gre/modules/commonjs/toolkit/loader.js -> resource://devtools/server/actors/inspector.js, line 2955: NS_ERROR_ILLEGAL_VALUE: Component returned failure code: 0x80070057 (NS_ERROR_ILLEGAL_VALUE) [inIDeepTreeWalker.parentNode]
JavaScript error: resource://gre/modules/commonjs/toolkit/loader.js -> resource://devtools/server/actors/inspector.js, line 2955: NS_ERROR_ILLEGAL_VALUE: Component returned failure code: 0x80070057 (NS_ERROR_ILLEGAL_VALUE) [inIDeepTreeWalker.parentNode]
JavaScript error: resource://gre/modules/commonjs/toolkit/loader.js -> resource://devtools/server/actors/inspector.js, line 2955: NS_ERROR_ILLEGAL_VALUE: Component returned failure code: 0x80070057 (NS_ERROR_ILLEGAL_VALUE) [inIDeepTreeWalker.parentNode]
JavaScript error: resource://gre/modules/commonjs/toolkit/loader.js -> resource://devtools/server/actors/inspector.js, line 2955: NS_ERROR_ILLEGAL_VALUE: Component returned failure code: 0x80070057 (NS_ERROR_ILLEGAL_VALUE) [inIDeepTreeWalker.parentNode]
JavaScript error: resource://gre/modules/commonjs/toolkit/loader.js -> resource://devtools/server/actors/inspector.js, line 2955: NS_ERROR_ILLEGAL_VALUE: Component returned failure code: 0x80070057 (NS_ERROR_ILLEGAL_VALUE) [inIDeepTreeWalker.parentNode]
JavaScript error: resource://gre/modules/commonjs/toolkit/loader.js -> resource://devtools/server/actors/inspector.js, line 2955: NS_ERROR_ILLEGAL_VALUE: Component returned failure code: 0x80070057 (NS_ERROR_ILLEGAL_VALUE) [inIDeepTreeWalker.parentNode]
JavaScript error: resource://gre/modules/commonjs/toolkit/loader.js -> resource://devtools/server/actors/inspector.js, line 2955: NS_ERROR_ILLEGAL_VALUE: Component returned failure code: 0x80070057 (NS_ERROR_ILLEGAL_VALUE) [inIDeepTreeWalker.parentNode]
JavaScript error: resource://gre/modules/commonjs/toolkit/loader.js -> resource://devtools/server/actors/inspector.js, line 2955: NS_ERROR_ILLEGAL_VALUE: Component returned failure code: 0x80070057 (NS_ERROR_ILLEGAL_VALUE) [inIDeepTreeWalker.parentNode]
JavaScript error: resource://gre/modules/commonjs/toolkit/loader.js -> resource://devtools/server/actors/inspector.js, line 2955: NS_ERROR_ILLEGAL_VALUE: Component returned failure code: 0x80070057 (NS_ERROR_ILLEGAL_VALUE) [inIDeepTreeWalker.parentNode]
JavaScript error: resource://gre/modules/commonjs/toolkit/loader.js -> resource://devtools/server/actors/inspector.js, line 2955: NS_ERROR_ILLEGAL_VALUE: Component returned failure code: 0x80070057 (NS_ERROR_ILLEGAL_VALUE) [inIDeepTreeWalker.parentNode]
JavaScript error: resource://gre/modules/commonjs/toolkit/loader.js -> resource://devtools/server/actors/inspector.js, line 2955: NS_ERROR_ILLEGAL_VALUE: Component returned failure code: 0x80070057 (NS_ERROR_ILLEGAL_VALUE) [inIDeepTreeWalker.parentNode]
JavaScript error: resource://gre/modules/commonjs/toolkit/loader.js -> resource://devtools/server/actors/inspector.js, line 2955: NS_ERROR_ILLEGAL_VALUE: Component returned failure code: 0x80070057 (NS_ERROR_ILLEGAL_VALUE) [inIDeepTreeWalker.parentNode]
JavaScript error: resource://gre/modules/commonjs/toolkit/loader.js -> resource://devtools/server/actors/inspector.js, line 2955: NS_ERROR_ILLEGAL_VALUE: Component returned failure code: 0x80070057 (NS_ERROR_ILLEGAL_VALUE) [inIDeepTreeWalker.parentNode]
JavaScript error: resource://gre/modules/commonjs/toolkit/loader.js -> resource://devtools/server/actors/inspector.js, line 2955: NS_ERROR_ILLEGAL_VALUE: Component returned failure code: 0x80070057 (NS_ERROR_ILLEGAL_VALUE) [inIDeepTreeWalker.parentNode]
JavaScript error: resource://gre/modules/commonjs/toolkit/loader.js -> resource://devtools/server/actors/inspector.js, line 2955: NS_ERROR_ILLEGAL_VALUE: Component returned failure code: 0x80070057 (NS_ERROR_ILLEGAL_VALUE) [inIDeepTreeWalker.parentNode]
JavaScript error: resource://gre/modules/commonjs/toolkit/loader.js -> resource://devtools/server/actors/inspector.js, line 2955: NS_ERROR_ILLEGAL_VALUE: Component returned failure code: 0x80070057 (NS_ERROR_ILLEGAL_VALUE) [inIDeepTreeWalker.parentNode]
JavaScript error: resource://gre/modules/commonjs/toolkit/loader.js -> resource://devtools/server/actors/inspector.js, line 2955: NS_ERROR_ILLEGAL_VALUE: Component returned failure code: 0x80070057 (NS_ERROR_ILLEGAL_VALUE) [inIDeepTreeWalker.parentNode]
JavaScript error: resource://gre/modules/commonjs/toolkit/loader.js -> resource://devtools/server/actors/inspector.js, line 2955: NS_ERROR_ILLEGAL_VALUE: Component returned failure code: 0x80070057 (NS_ERROR_ILLEGAL_VALUE) [inIDeepTreeWalker.parentNode]
JavaScript error: resource://gre/modules/commonjs/toolkit/loader.js -> resource://devtools/server/actors/inspector.js, line 2955: NS_ERROR_ILLEGAL_VALUE: Component returned failure code: 0x80070057 (NS_ERROR_ILLEGAL_VALUE) [inIDeepTreeWalker.parentNode]
JavaScript error: resource://gre/modules/commonjs/toolkit/loader.js -> resource://devtools/server/actors/inspector.js, line 2955: NS_ERROR_ILLEGAL_VALUE: Component returned failure code: 0x80070057 (NS_ERROR_ILLEGAL_VALUE) [inIDeepTreeWalker.parentNode]
JavaScript error: resource://gre/modules/commonjs/toolkit/loader.js -> resource://devtools/server/actors/inspector.js, line 2955: NS_ERROR_ILLEGAL_VALUE: Component returned failure code: 0x80070057 (NS_ERROR_ILLEGAL_VALUE) [inIDeepTreeWalker.parentNode]
JavaScript error: resource://gre/modules/commonjs/toolkit/loader.js -> resource://devtools/server/actors/inspector.js, line 2955: NS_ERROR_ILLEGAL_VALUE: Component returned failure code: 0x80070057 (NS_ERROR_ILLEGAL_VALUE) [inIDeepTreeWalker.parentNode]
JavaScript error: resource://gre/modules/commonjs/toolkit/loader.js -> resource://devtools/server/actors/inspector.js, line 2955: NS_ERROR_ILLEGAL_VALUE: Component returned failure code: 0x80070057 (NS_ERROR_ILLEGAL_VALUE) [inIDeepTreeWalker.parentNode]
JavaScript error: resource://gre/modules/commonjs/toolkit/loader.js -> resource://devtools/server/actors/inspector.js, line 2955: NS_ERROR_ILLEGAL_VALUE: Component returned failure code: 0x80070057 (NS_ERROR_ILLEGAL_VALUE) [inIDeepTreeWalker.parentNode]
JavaScript error: resource://gre/modules/commonjs/toolkit/loader.js -> resource://devtools/server/actors/inspector.js, line 2955: NS_ERROR_ILLEGAL_VALUE: Component returned failure code: 0x80070057 (NS_ERROR_ILLEGAL_VALUE) [inIDeepTreeWalker.parentNode]
JavaScript error: resource://gre/modules/commonjs/toolkit/loader.js -> resource://devtools/server/actors/inspector.js, line 2955: NS_ERROR_ILLEGAL_VALUE: Component returned failure code: 0x80070057 (NS_ERROR_ILLEGAL_VALUE) [inIDeepTreeWalker.parentNode]
JavaScript error: resource://gre/modules/commonjs/toolkit/loader.js -> resource://devtools/server/actors/inspector.js, line 2955: NS_ERROR_ILLEGAL_VALUE: Component returned failure code: 0x80070057 (NS_ERROR_ILLEGAL_VALUE) [inIDeepTreeWalker.parentNode]
JavaScript error: resource://gre/modules/commonjs/toolkit/loader.js -> resource://devtools/server/actors/inspector.js, line 2955: NS_ERROR_ILLEGAL_VALUE: Component returned failure code: 0x80070057 (NS_ERROR_ILLEGAL_VALUE) [inIDeepTreeWalker.parentNode]
JavaScript error: resource://gre/modules/commonjs/toolkit/loader.js -> resource://devtools/server/actors/inspector.js, line 2955: NS_ERROR_ILLEGAL_VALUE: Component returned failure code: 0x80070057 (NS_ERROR_ILLEGAL_VALUE) [inIDeepTreeWalker.parentNode]
JavaScript error: resource://gre/components/nsUrlClassifierListManager.js, line 287: NS_ERROR_NOT_INITIALIZED: Component returned failure code: 0xc1f30001 (NS_ERROR_NOT_INITIALIZED) [nsIUrlClassifierDBService.getTables]
JavaScript error: resource://gre/components/nsUrlClassifierListManager.js, line 287: NS_ERROR_NOT_INITIALIZED: Component returned failure code: 0xc1f30001 (NS_ERROR_NOT_INITIALIZED) [nsIUrlClassifierDBService.getTables]
1516706489385	Marionette	INFO	Ceased listening
LEGAL_VALUE: Component returned failure code: 0x80070057 (NS_ERROR_ILLEGAL_VALUE) [inIDeepTreeWalker.parentNode]
JavaScript error: resource://gre/modules/commonjs/toolkit/loader.js -> resource://devtools/server/actors/inspector.js, line 2955: NS_ERROR_ILLEGAL_VALUE: Component returned failure code: 0x80070057 (NS_ERROR_ILLEGAL_VALUE) [inIDeepTreeWalker.parentNode]
JavaScript error: resource://gre/modules/commonjs/toolkit/loader.js -> resource://devtools/server/actors/inspector.js, line 2955: NS_ERROR_ILLEGAL_VALUE: Component returned failure code: 0x80070057 (NS_ERROR_ILLEGAL_VALUE) [inIDeepTreeWalker.parentNode]
JavaScript error: resource://gre/modules/commonjs/toolkit/loader.js -> resource://devtools/server/actors/inspector.js, line 2955: NS_ERROR_ILLEGAL_VALUE: Component returned failure code: 0x80070057 (NS_ERROR_ILLEGAL_VALUE) [inIDeepTreeWalker.parentNode]
JavaScript error: resource://gre/modules/commonjs/toolkit/loader.js -> resource://devtools/server/actors/inspector.js, line 2955: NS_ERROR_ILLEGAL_VALUE: Component returned failure code: 0x80070057 (NS_ERROR_ILLEGAL_VALUE) [inIDeepTreeWalker.parentNode]
JavaScript error: resource://gre/modules/commonjs/toolkit/loader.js -> resource://devtools/server/actors/inspector.js, line 2955: NS_ERROR_ILLEGAL_VALUE: Component returned failure code: 0x80070057 (NS_ERROR_ILLEGAL_VALUE) [inIDeepTreeWalker.parentNode]
JavaScript error: resource://gre/modules/commonjs/toolkit/loader.js -> resource://devtools/server/actors/inspector.js, line 2955: NS_ERROR_ILLEGAL_VALUE: Component returned failure code: 0x80070057 (NS_ERROR_ILLEGAL_VALUE) [inIDeepTreeWalker.parentNode]
JavaScript error: resource://gre/modules/commonjs/toolkit/loader.js -> resource://devtools/server/actors/inspector.js, line 2955: NS_ERROR_ILLEGAL_VALUE: Component returned failure code: 0x80070057 (NS_ERROR_ILLEGAL_VALUE) [inIDeepTreeWalker.parentNode]
JavaScript error: resource://gre/modules/commonjs/toolkit/loader.js -> resource://devtools/server/actors/inspector.js, line 2955: NS_ERROR_ILLEGAL_VALUE: Component returned failure code: 0x80070057 (NS_ERROR_ILLEGAL_VALUE) [inIDeepTreeWalker.parentNode]
JavaScript error: resource://gre/modules/commonjs/toolkit/loader.js -> resource://devtools/server/actors/inspector.js, line 2955: NS_ERROR_ILLEGAL_VALUE: Component returned failure code: 0x80070057 (NS_ERROR_ILLEGAL_VALUE) [inIDeepTreeWalker.parentNode]
JavaScript error: resource://gre/modules/commonjs/toolkit/loader.js -> resource://devtools/server/actors/inspector.js, line 2955: NS_ERROR_ILLEGAL_VALUE: Component returned failure code: 0x80070057 (NS_ERROR_ILLEGAL_VALUE) [inIDeepTreeWalker.parentNode]
JavaScript error: resource://gre/modules/commonjs/toolkit/loader.js -> resource://devtools/server/actors/inspector.js, line 2955: NS_ERROR_ILLEGAL_VALUE: Component returned failure code: 0x80070057 (NS_ERROR_ILLEGAL_VALUE) [inIDeepTreeWalker.parentNode]
JavaScript error: resource://gre/modules/commonjs/toolkit/loader.js -> resource://devtools/server/actors/inspector.js, line 2955: NS_ERROR_ILLEGAL_VALUE: Component returned failure code: 0x80070057 (NS_ERROR_ILLEGAL_VALUE) [inIDeepTreeWalker.parentNode]
JavaScript error: resource://gre/modules/commonjs/toolkit/loader.js -> resource://devtools/server/actors/inspector.js, line 2955: NS_ERROR_ILLEGAL_VALUE: Component returned failure code: 0x80070057 (NS_ERROR_ILLEGAL_VALUE) [inIDeepTreeWalker.parentNode]
JavaScript error: resource://gre/modules/commonjs/toolkit/loader.js -> resource://devtools/server/actors/inspector.js, line 2955: NS_ERROR_ILLEGAL_VALUE: Component returned failure code: 0x80070057 (NS_ERROR_ILLEGAL_VALUE) [inIDeepTreeWalker.parentNode]
JavaScript error: resource://gre/modules/commonjs/toolkit/loader.js -> resource://devtools/server/actors/inspector.js, line 2955: NS_ERROR_ILLEGAL_VALUE: Component returned failure code: 0x80070057 (NS_ERROR_ILLEGAL_VALUE) [inIDeepTreeWalker.parentNode]
JavaScript error: resource://gre/modules/commonjs/toolkit/loader.js -> resource://devtools/server/actors/inspector.js, line 2955: NS_ERROR_ILLEGAL_VALUE: Component returned failure code: 0x80070057 (NS_ERROR_ILLEGAL_VALUE) [inIDeepTreeWalker.parentNode]
JavaScript error: resource://gre/modules/commonjs/toolkit/loader.js -> resource://devtools/server/actors/inspector.js, line 2955: NS_ERROR_ILLEGAL_VALUE: Component returned failure code: 0x80070057 (NS_ERROR_ILLEGAL_VALUE) [inIDeepTreeWalker.parentNode]
JavaScript error: resource://gre/modules/commonjs/toolkit/loader.js -> resource://devtools/server/actors/inspector.js, line 2955: NS_ERROR_ILLEGAL_VALUE: Component returned failure code: 0x80070057 (NS_ERROR_ILLEGAL_VALUE) [inIDeepTreeWalker.parentNode]
JavaScript error: resource://gre/modules/commonjs/toolkit/loader.js -> resource://devtools/server/actors/inspector.js, line 2955: NS_ERROR_ILLEGAL_VALUE: Component returned failure code: 0x80070057 (NS_ERROR_ILLEGAL_VALUE) [inIDeepTreeWalker.parentNode]
JavaScript error: resource://gre/modules/commonjs/toolkit/loader.js -> resource://devtools/server/actors/inspector.js, line 2955: NS_ERROR_ILLEGAL_VALUE: Component returned failure code: 0x80070057 (NS_ERROR_ILLEGAL_VALUE) [inIDeepTreeWalker.parentNode]
JavaScript error: resource://gre/modules/commonjs/toolkit/loader.js -> resource://devtools/server/actors/inspector.js, line 2955: NS_ERROR_ILLEGAL_VALUE: Component returned failure code: 0x80070057 (NS_ERROR_ILLEGAL_VALUE) [inIDeepTreeWalker.parentNode]
JavaScript error: resource://gre/modules/commonjs/toolkit/loader.js -> resource://devtools/server/actors/inspector.js, line 2955: NS_ERROR_ILLEGAL_VALUE: Component returned failure code: 0x80070057 (NS_ERROR_ILLEGAL_VALUE) [inIDeepTreeWalker.parentNode]
JavaScript error: resource://gre/modules/commonjs/toolkit/loader.js -> resource://devtools/server/actors/inspector.js, line 2955: NS_ERROR_ILLEGAL_VALUE: Component returned failure code: 0x80070057 (NS_ERROR_ILLEGAL_VALUE) [inIDeepTreeWalker.parentNode]
JavaScript error: resource://gre/modules/commonjs/toolkit/loader.js -> resource://devtools/server/actors/inspector.js, line 2955: NS_ERROR_ILLEGAL_VALUE: Component returned failure code: 0x80070057 (NS_ERROR_ILLEGAL_VALUE) [inIDeepTreeWalker.parentNode]
JavaScript error: resource://gre/modules/commonjs/toolkit/loader.js -> resource://devtools/server/actors/inspector.js, line 2955: NS_ERROR_ILLEGAL_VALUE: Component returned failure code: 0x80070057 (NS_ERROR_ILLEGAL_VALUE) [inIDeepTreeWalker.parentNode]
JavaScript error: resource://gre/modules/commonjs/toolkit/loader.js -> resource://devtools/server/actors/inspector.js, line 2955: NS_ERROR_ILLEGAL_VALUE: Component returned failure code: 0x80070057 (NS_ERROR_ILLEGAL_VALUE) [inIDeepTreeWalker.parentNode]
JavaScript error: resource://gre/modules/commonjs/toolkit/loader.js -> resource://devtools/server/actors/inspector.js, line 2955: NS_ERROR_ILLEGAL_VALUE: Component returned failure code: 0x80070057 (NS_ERROR_ILLEGAL_VALUE) [inIDeepTreeWalker.parentNode]
JavaScript error: resource://gre/modules/commonjs/toolkit/loader.js -> resource://devtools/server/actors/inspector.js, line 2955: NS_ERROR_ILLEGAL_VALUE: Component returned failure code: 0x80070057 (NS_ERROR_ILLEGAL_VALUE) [inIDeepTreeWalker.parentNode]
JavaScript error: resource://gre/modules/commonjs/toolkit/loader.js -> resource://devtools/server/actors/inspector.js, line 2955: NS_ERROR_ILLEGAL_VALUE: Component returned failure code: 0x80070057 (NS_ERROR_ILLEGAL_VALUE) [inIDeepTreeWalker.parentNode]
JavaScript error: resource://gre/modules/commonjs/toolkit/loader.js -> resource://devtools/server/actors/inspector.js, line 2955: NS_ERROR_ILLEGAL_VALUE: Component returned failure code: 0x80070057 (NS_ERROR_ILLEGAL_VALUE) [inIDeepTreeWalker.parentNode]
JavaScript error: resource://gre/modules/commonjs/toolkit/loader.js -> resource://devtools/server/actors/inspector.js, line 2955: NS_ERROR_ILLEGAL_VALUE: Component returned failure code: 0x80070057 (NS_ERROR_ILLEGAL_VALUE) [inIDeepTreeWalker.parentNode]
JavaScript error: resource://gre/modules/commonjs/toolkit/loader.js -> resource://devtools/server/actors/inspector.js, line 2955: NS_ERROR_ILLEGAL_VALUE: Component returned failure code: 0x80070057 (NS_ERROR_ILLEGAL_VALUE) [inIDeepTreeWalker.parentNode]
JavaScript error: resource://gre/modules/commonjs/toolkit/loader.js -> resource://devtools/server/actors/inspector.js, line 2955: NS_ERROR_ILLEGAL_VALUE: Component returned failure code: 0x80070057 (NS_ERROR_ILLEGAL_VALUE) [inIDeepTreeWalker.parentNode]
JavaScript error: resource://gre/modules/commonjs/toolkit/loader.js -> resource://devtools/server/actors/inspector.js, line 2955: NS_ERROR_ILLEGAL_VALUE: Component returned failure code: 0x80070057 (NS_ERROR_ILLEGAL_VALUE) [inIDeepTreeWalker.parentNode]
JavaScript error: resource://gre/modules/commonjs/toolkit/loader.js -> resource://devtools/server/actors/inspector.js, line 2955: NS_ERROR_ILLEGAL_VALUE: Component returned failure code: 0x80070057 (NS_ERROR_ILLEGAL_VALUE) [inIDeepTreeWalker.parentNode]
JavaScript error: resource://gre/modules/commonjs/toolkit/loader.js -> resource://devtools/server/actors/inspector.js, line 2955: NS_ERROR_ILLEGAL_VALUE: Component returned failure code: 0x80070057 (NS_ERROR_ILLEGAL_VALUE) [inIDeepTreeWalker.parentNode]
JavaScript error: resource://gre/modules/commonjs/toolkit/loader.js -> resource://devtools/server/actors/inspector.js, line 2955: NS_ERROR_ILLEGAL_VALUE: Component returned failure code: 0x80070057 (NS_ERROR_ILLEGAL_VALUE) [inIDeepTreeWalker.parentNode]
JavaScript error: resource://gre/modules/commonjs/toolkit/loader.js -> resource://devtools/server/actors/inspector.js, line 2955: NS_ERROR_ILLEGAL_VALUE: Component returned failure code: 0x80070057 (NS_ERROR_ILLEGAL_VALUE) [inIDeepTreeWalker.parentNode]
JavaScript error: resource://gre/modules/commonjs/toolkit/loader.js -> resource://devtools/server/actors/inspector.js, line 2955: NS_ERROR_ILLEGAL_VALUE: Component returned failure code: 0x80070057 (NS_ERROR_ILLEGAL_VALUE) [inIDeepTreeWalker.parentNode]
JavaScript error: resource://gre/modules/commonjs/toolkit/loader.js -> resource://devtools/server/actors/inspector.js, line 2955: NS_ERROR_ILLEGAL_VALUE: Component returned failure code: 0x80070057 (NS_ERROR_ILLEGAL_VALUE) [inIDeepTreeWalker.parentNode]
JavaScript error: resource://gre/modules/commonjs/toolkit/loader.js -> resource://devtools/server/actors/inspector.js, line 2955: NS_ERROR_ILLEGAL_VALUE: Component returned failure code: 0x80070057 (NS_ERROR_ILLEGAL_VALUE) [inIDeepTreeWalker.parentNode]
JavaScript error: resource://gre/modules/commonjs/toolkit/loader.js -> resource://devtools/server/actors/inspector.js, line 2955: NS_ERROR_ILLEGAL_VALUE: Component returned failure code: 0x80070057 (NS_ERROR_ILLEGAL_VALUE) [inIDeepTreeWalker.parentNode]
JavaScript error: resource://gre/modules/commonjs/toolkit/loader.js -> resource://devtools/server/actors/inspector.js, line 2955: NS_ERROR_ILLEGAL_VALUE: Component returned failure code: 0x80070057 (NS_ERROR_ILLEGAL_VALUE) [inIDeepTreeWalker.parentNode]
JavaScript error: resource://gre/modules/commonjs/toolkit/loader.js -> resource://devtools/server/actors/inspector.js, line 2955: NS_ERROR_ILLEGAL_VALUE: Component returned failure code: 0x80070057 (NS_ERROR_ILLEGAL_VALUE) [inIDeepTreeWalker.parentNode]
JavaScript error: resource://gre/modules/commonjs/toolkit/loader.js -> resource://devtools/server/actors/inspector.js, line 2955: NS_ERROR_ILLEGAL_VALUE: Component returned failure code: 0x80070057 (NS_ERROR_ILLEGAL_VALUE) [inIDeepTreeWalker.parentNode]
JavaScript error: resource://gre/modules/commonjs/toolkit/loader.js -> resource://devtools/server/actors/inspector.js, line 2955: NS_ERROR_ILLEGAL_VALUE: Component returned failure code: 0x80070057 (NS_ERROR_ILLEGAL_VALUE) [inIDeepTreeWalker.parentNode]
JavaScript error: resource://gre/modules/commonjs/toolkit/loader.js -> resource://devtools/server/actors/inspector.js, line 2955: NS_ERROR_ILLEGAL_VALUE: Component returned failure code: 0x80070057 (NS_ERROR_ILLEGAL_VALUE) [inIDeepTreeWalker.parentNode]
JavaScript error: resource://gre/modules/commonjs/toolkit/loader.js -> resource://devtools/server/actors/inspector.js, line 2955: NS_ERROR_ILLEGAL_VALUE: Component returned failure code: 0x80070057 (NS_ERROR_ILLEGAL_VALUE) [inIDeepTreeWalker.parentNode]
JavaScript error: resource://gre/modules/commonjs/toolkit/loader.js -> resource://devtools/server/actors/inspector.js, line 2955: NS_ERROR_ILLEGAL_VALUE: Component returned failure code: 0x80070057 (NS_ERROR_ILLEGAL_VALUE) [inIDeepTreeWalker.parentNode]
JavaScript error: resource://gre/modules/commonjs/toolkit/loader.js -> resource://devtools/server/actors/inspector.js, line 2955: NS_ERROR_ILLEGAL_VALUE: Component returned failure code: 0x80070057 (NS_ERROR_ILLEGAL_VALUE) [inIDeepTreeWalker.parentNode]
JavaScript error: resource://gre/modules/commonjs/toolkit/loader.js -> resource://devtools/server/actors/inspector.js, line 2955: NS_ERROR_ILLEGAL_VALUE: Component returned failure code: 0x80070057 (NS_ERROR_ILLEGAL_VALUE) [inIDeepTreeWalker.parentNode]
JavaScript error: resource://gre/modules/commonjs/toolkit/loader.js -> resource://devtools/server/actors/inspector.js, line 2955: NS_ERROR_ILLEGAL_VALUE: Component returned failure code: 0x80070057 (NS_ERROR_ILLEGAL_VALUE) [inIDeepTreeWalker.parentNode]
JavaScript error: resource://gre/modules/commonjs/toolkit/loader.js -> resource://devtools/server/actors/inspector.js, line 2955: NS_ERROR_ILLEGAL_VALUE: Component returned failure code: 0x80070057 (NS_ERROR_ILLEGAL_VALUE) [inIDeepTreeWalker.parentNode]
JavaScript error: resource://gre/modules/commonjs/toolkit/loader.js -> resource://devtools/server/actors/inspector.js, line 2955: NS_ERROR_ILLEGAL_VALUE: Component returned failure code: 0x80070057 (NS_ERROR_ILLEGAL_VALUE) [inIDeepTreeWalker.parentNode]
JavaScript error: resource://gre/modules/commonjs/toolkit/loader.js -> resource://devtools/server/actors/inspector.js, line 2955: NS_ERROR_ILLEGAL_VALUE: Component returned failure code: 0x80070057 (NS_ERROR_ILLEGAL_VALUE) [inIDeepTreeWalker.parentNode]
JavaScript error: resource://gre/modules/commonjs/toolkit/loader.js -> resource://devtools/server/actors/inspector.js, line 2955: NS_ERROR_ILLEGAL_VALUE: Component returned failure code: 0x80070057 (NS_ERROR_ILLEGAL_VALUE) [inIDeepTreeWalker.parentNode]
JavaScript error: resource://gre/modules/commonjs/toolkit/loader.js -> resource://devtools/server/actors/inspector.js, line 2955: NS_ERROR_ILLEGAL_VALUE: Component returned failure code: 0x80070057 (NS_ERROR_ILLEGAL_VALUE) [inIDeepTreeWalker.parentNode]
JavaScript error: resource://gre/modules/commonjs/toolkit/loader.js -> resource://devtools/server/actors/inspector.js, line 2955: NS_ERROR_ILLEGAL_VALUE: Component returned failure code: 0x80070057 (NS_ERROR_ILLEGAL_VALUE) [inIDeepTreeWalker.parentNode]
JavaScript error: resource://gre/modules/commonjs/toolkit/loader.js -> resource://devtools/server/actors/inspector.js, line 2955: NS_ERROR_ILLEGAL_VALUE: Component returned failure code: 0x80070057 (NS_ERROR_ILLEGAL_VALUE) [inIDeepTreeWalker.parentNode]
JavaScript error: resource://gre/modules/commonjs/toolkit/loader.js -> resource://devtools/server/actors/inspector.js, line 2955: NS_ERROR_ILLEGAL_VALUE: Component returned failure code: 0x80070057 (NS_ERROR_ILLEGAL_VALUE) [inIDeepTreeWalker.parentNode]
JavaScript error: resource://gre/modules/commonjs/toolkit/loader.js -> resource://devtools/server/actors/inspector.js, line 2955: NS_ERROR_ILLEGAL_VALUE: Component returned failure code: 0x80070057 (NS_ERROR_ILLEGAL_VALUE) [inIDeepTreeWalker.parentNode]
JavaScript error: resource://gre/modules/commonjs/toolkit/loader.js -> resource://devtools/server/actors/inspector.js, line 2955: NS_ERROR_ILLEGAL_VALUE: Component returned failure code: 0x80070057 (NS_ERROR_ILLEGAL_VALUE) [inIDeepTreeWalker.parentNode]
JavaScript error: resource://gre/modules/commonjs/toolkit/loader.js -> resource://devtools/server/actors/inspector.js, line 2955: NS_ERROR_ILLEGAL_VALUE: Component returned failure code: 0x80070057 (NS_ERROR_ILLEGAL_VALUE) [inIDeepTreeWalker.parentNode]
JavaScript error: resource://gre/modules/commonjs/toolkit/loader.js -> resource://devtools/server/actors/inspector.js, line 2955: NS_ERROR_ILLEGAL_VALUE: Component returned failure code: 0x80070057 (NS_ERROR_ILLEGAL_VALUE) [inIDeepTreeWalker.parentNode]
JavaScript error: resource://gre/modules/commonjs/toolkit/loader.js -> resource://devtools/server/actors/inspector.js, line 2955: NS_ERROR_ILLEGAL_VALUE: Component returned failure code: 0x80070057 (NS_ERROR_ILLEGAL_VALUE) [inIDeepTreeWalker.parentNode]
JavaScript error: resource://gre/modules/commonjs/toolkit/loader.js -> resource://devtools/server/actors/inspector.js, line 2955: NS_ERROR_ILLEGAL_VALUE: Component returned failure code: 0x80070057 (NS_ERROR_ILLEGAL_VALUE) [inIDeepTreeWalker.parentNode]
JavaScript error: resource://gre/modules/commonjs/toolkit/loader.js -> resource://devtools/server/actors/inspector.js, line 2955: NS_ERROR_ILLEGAL_VALUE: Component returned failure code: 0x80070057 (NS_ERROR_ILLEGAL_VALUE) [inIDeepTreeWalker.parentNode]
JavaScript error: resource://gre/modules/commonjs/toolkit/loader.js -> resource://devtools/server/actors/inspector.js, line 2955: NS_ERROR_ILLEGAL_VALUE: Component returned failure code: 0x80070057 (NS_ERROR_ILLEGAL_VALUE) [inIDeepTreeWalker.parentNode]
JavaScript error: resource://gre/modules/commonjs/toolkit/loader.js -> resource://devtools/server/actors/inspector.js, line 2955: NS_ERROR_ILLEGAL_VALUE: Component returned failure code: 0x80070057 (NS_ERROR_ILLEGAL_VALUE) [inIDeepTreeWalker.parentNode]
JavaScript error: resource://gre/components/nsUrlClassifierListManager.js, line 287: NS_ERROR_NOT_INITIALIZED: Component returned failure code: 0xc1f30001 (NS_ERROR_NOT_INITIALIZED) [nsIUrlClassifierDBService.getTables]
JavaScript error: resource://gre/components/nsUrlClassifierListManager.js, line 287: NS_ERROR_NOT_INITIALIZED: Component returned failure code: 0xc1f30001 (NS_ERROR_NOT_INITIALIZED) [nsIUrlClassifierDBService.getTables]
1516705527250	Marionette	INFO	Ceased listening
de]
JavaScript error: resource://gre/modules/commonjs/toolkit/loader.js -> resource://devtools/server/actors/inspector.js, line 2955: NS_ERROR_ILLEGAL_VALUE: Component returned failure code: 0x80070057 (NS_ERROR_ILLEGAL_VALUE) [inIDeepTreeWalker.parentNode]
JavaScript error: resource://gre/modules/commonjs/toolkit/loader.js -> resource://devtools/server/actors/inspector.js, line 2955: NS_ERROR_ILLEGAL_VALUE: Component returned failure code: 0x80070057 (NS_ERROR_ILLEGAL_VALUE) [inIDeepTreeWalker.parentNode]
JavaScript error: resource://gre/modules/commonjs/toolkit/loader.js -> resource://devtools/server/actors/inspector.js, line 2955: NS_ERROR_ILLEGAL_VALUE: Component returned failure code: 0x80070057 (NS_ERROR_ILLEGAL_VALUE) [inIDeepTreeWalker.parentNode]
JavaScript error: resource://gre/modules/commonjs/toolkit/loader.js -> resource://devtools/server/actors/inspector.js, line 2955: NS_ERROR_ILLEGAL_VALUE: Component returned failure code: 0x80070057 (NS_ERROR_ILLEGAL_VALUE) [inIDeepTreeWalker.parentNode]
JavaScript error: resource://gre/modules/commonjs/toolkit/loader.js -> resource://devtools/server/actors/inspector.js, line 2955: NS_ERROR_ILLEGAL_VALUE: Component returned failure code: 0x80070057 (NS_ERROR_ILLEGAL_VALUE) [inIDeepTreeWalker.parentNode]
JavaScript error: resource://gre/modules/commonjs/toolkit/loader.js -> resource://devtools/server/actors/inspector.js, line 2955: NS_ERROR_ILLEGAL_VALUE: Component returned failure code: 0x80070057 (NS_ERROR_ILLEGAL_VALUE) [inIDeepTreeWalker.parentNode]
JavaScript error: resource://gre/modules/commonjs/toolkit/loader.js -> resource://devtools/server/actors/inspector.js, line 2955: NS_ERROR_ILLEGAL_VALUE: Component returned failure code: 0x80070057 (NS_ERROR_ILLEGAL_VALUE) [inIDeepTreeWalker.parentNode]
JavaScript error: resource://gre/modules/commonjs/toolkit/loader.js -> resource://devtools/server/actors/inspector.js, line 2955: NS_ERROR_ILLEGAL_VALUE: Component returned failure code: 0x80070057 (NS_ERROR_ILLEGAL_VALUE) [inIDeepTreeWalker.parentNode]
*************************
A coding exception was thrown and uncaught in a Task.

Full message: TypeError: NetworkError when attempting to fetch resource.
Full stack: 
*************************
1516350968730	Marionette	INFO	Ceased listening
